[14:52:57] [ServerMain/INFO]: Environment: Environment[sessionHost=https://sessionserver.mojang.com, servicesHost=https://api.minecraftservices.com, name=PROD]
[14:52:57] [ServerMain/INFO]: No existing world data, creating new world
[14:52:58] [ServerMain/INFO]: Loaded 1290 recipes
[14:52:58] [ServerMain/INFO]: Loaded 1399 advancements
[14:52:59] [Server thread/INFO]: Starting minecraft server version 1.21.1
[14:52:59] [Server thread/INFO]: Loading properties
[14:52:59] [Server thread/INFO]: Default game type: SURVIVAL
[14:52:59] [Server thread/INFO]: Generating keypair
[14:52:59] [Server thread/INFO]: Starting Minecraft server on *:25565
[14:52:59] [Server thread/INFO]: Using epoll channel type
[14:52:59] [Server thread/WARN]: **** SERVER IS RUNNING IN OFFLINE/INSECURE MODE!
[14:52:59] [Server thread/WARN]: The server will make no attempt to authenticate usernames. Beware.
[14:52:59] [Server thread/WARN]: While this makes the game possible to play without internet access, it also opens up the ability for hackers to connect with any username they choose.
[14:52:59] [Server thread/WARN]: To change this, set "online-mode" to "true" in the server.properties file.
[14:52:59] [Server thread/INFO]: Preparing level "world"
[14:53:06] [Server thread/INFO]: Preparing start region for dimension minecraft:overworld
[14:53:06] [Worker-Main-3/INFO]: Preparing spawn area: 2%
[14:53:07] [Worker-Main-1/INFO]: Preparing spawn area: 2%
[14:53:07] [Worker-Main-1/INFO]: Preparing spawn area: 2%
[14:53:08] [Worker-Main-3/INFO]: Preparing spawn area: 2%
[14:53:08] [Worker-Main-3/INFO]: Preparing spawn area: 6%
[14:53:09] [Worker-Main-3/INFO]: Preparing spawn area: 6%
[14:53:09] [Worker-Main-3/INFO]: Preparing spawn area: 18%
[14:53:10] [Worker-Main-3/INFO]: Preparing spawn area: 18%
[14:53:10] [Worker-Main-2/INFO]: Preparing spawn area: 51%
[14:53:11] [Worker-Main-3/INFO]: Preparing spawn area: 51%
[14:53:11] [Worker-Main-3/INFO]: Preparing spawn area: 51%
[14:53:12] [Worker-Main-3/INFO]: Preparing spawn area: 51%
[14:53:12] [Server thread/INFO]: Time elapsed: 5778 ms
[14:53:12] [Server thread/INFO]: Done (13.189s)! For help, type "help"
[14:53:22] [Server thread/INFO]: pepeneque[/[0:0:0:0:0:0:0:1%0]:46886] logged in with entity id 15 at (-210.5, 76.0, -70.5)
[14:53:22] [Server thread/INFO]: pepeneque joined the game
[14:53:25] [Server thread/INFO]: Alcantarilla47[/[0:0:0:0:0:0:0:1%0]:46892] logged in with entity id 74 at (-210.5, 74.0, -66.5)
[14:53:25] [Server thread/INFO]: Alcantarilla47 joined the game
[14:53:30] [Server thread/INFO]: BromuroDeCalcio[/[0:0:0:0:0:0:0:1%0]:41470] logged in with entity id 199 at (-214.5, 75.0, -60.5)
[14:53:30] [Server thread/INFO]: BromuroDeCalcio joined the game
[14:53:44] [Server thread/INFO]: JULENGC1101[/[0:0:0:0:0:0:0:1%0]:53854] logged in with entity id 282 at (-201.5, 71.0, -59.5)
[14:53:44] [Server thread/INFO]: JULENGC1101 joined the game
[14:55:32] [Server thread/INFO]: JULENGC1101 was slain by BromuroDeCalcio
[14:55:57] [Server thread/INFO]: Incorrect argument for command
[14:55:57] [Server thread/INFO]: op /op pepeneque<--[HERE]
[14:56:03] [Server thread/INFO]: Made pepeneque a server operator
[14:56:07] [Server thread/INFO]: BromuroDeCalcio was pricked to death
[14:56:14] [Server thread/INFO]: [Not Secure] [Server] hello world
[14:56:23] [Server thread/INFO]: [Not Secure] <Alcantarilla47> alex onrubia
[14:56:28] [Server thread/INFO]: [Not Secure] <pepeneque> cacacacaca
[14:57:00] [Server thread/INFO]: [Not Secure] [Server] say no puedes hacer eso
[14:57:01] [Server thread/INFO]: [pepeneque: Set own game mode to Creative Mode]
[14:57:05] [Server thread/INFO]: [Not Secure] <Alcantarilla47> say
[14:57:17] [Server thread/INFO]: Unknown game mode: 1
[14:57:17] [Server thread/INFO]: gamemode 1 pepeneque<--[HERE]
[14:57:26] [Server thread/INFO]: Unknown or incomplete command, see below for error
[14:57:26] [Server thread/INFO]: gamemode1 pepeneque<--[HERE]
[14:57:38] [Server thread/INFO]: Set pepeneque's game mode to Survival Mode
[14:58:02] [Server thread/INFO]: Unknown item 'minecraft:pepeneque'
[14:58:02] [Server thread/INFO]: ... pepeneque<--[HERE]
[14:58:32] [Server thread/INFO]: Alcantarilla47 was slain by BromuroDeCalcio
[14:58:39] [Server thread/INFO]: pepeneque was killed
[14:58:39] [Server thread/INFO]: Killed pepeneque
[14:59:01] [Server thread/INFO]: JULENGC1101 was slain by BromuroDeCalcio
[14:59:20] [Server thread/INFO]: Unknown item 'minecraft:sword'
[14:59:20] [Server thread/INFO]: ...netherite sword Alcantarilla47<--[HERE]
[15:00:05] [Server thread/INFO]: BromuroDeCalcio has made the advancement [Acquire Hardware]
[15:00:06] [Server thread/INFO]: BromuroDeCalcio has made the advancement [Suit Up]
[15:01:47] [Server thread/INFO]: BromuroDeCalcio was slain by Iron Golem
[15:01:55] [Server thread/INFO]: JULENGC1101 has made the advancement [Suit Up]
[15:02:07] [Server thread/INFO]: Expected whitespace to end one argument, but found trailing data
[15:02:07] [Server thread/INFO]: ... netherite:weather rain<--[HERE]
[15:02:14] [Server thread/INFO]: Set the weather to rain
[15:02:25] [Server thread/INFO]: pepeneque has made the advancement [Acquire Hardware]
